<?xml version="1.0" encoding="UTF-8"?>
<!-- Generated by org.testng.reporters.JUnitReportReporter -->
<testsuite skipped="0" hostname="ysn-MacBook-Air.local" name="com.directlyPages.LoginPage" tests="4" failures="0" timestamp="23 Apr 2020 01:35:07 GMT" time="1.699" errors="0">
  <testcase name="emptyEmpty" time="0.105" classname="com.directlyPages.LoginPage"/>
  <testcase name="emptyAndFilled" time="0.187" classname="com.directlyPages.LoginPage"/>
  <testcase name="filledAndEmty" time="1.089" classname="com.directlyPages.LoginPage"/>
  <testcase name="filledFilled" time="0.318" classname="com.directlyPages.LoginPage"/>
</testsuite> <!-- com.directlyPages.LoginPage -->
